<?xml version="1.0" encoding="UTF-8"?>
<testsuite xmlns:xsi="http://www.w3.org/2001/XMLSchema-instance" xsi:noNamespaceSchemaLocation="https://maven.apache.org/surefire/maven-surefire-plugin/xsd/surefire-test-report-3.0.xsd" version="3.0" name="CalculosTest" time="0.138" tests="4" errors="0" skipped="0" failures="0">
  <properties>
[...]
</properties>
  <testcase name="testCuadradoBinimio" classname="CalculosTest" time="0.086"/>
  <testcase name="testResta" classname="CalculosTest" time="0.002"/>
  <testcase name="testSuma" classname="CalculosTest" time="0.002"/>
  <testcase name="testIntegracion" classname="CalculosTest" time="0.002"/>
</testsuite>